The system is: Linux - 4.15.0-38-generic - x86_64
Compiling the C compiler identification source file "CMakeCCompilerId.c" succeeded.
Compiler: /usr/bin/cc 
Build flags: 
Id flags:  

The output was:
0


Compilation of the C compiler identification source "CMakeCCompilerId.c" produced "a.out"

The C compiler identification is GNU, found in "/home/henrik/Programming/backup_client/libgit2-0.27.0/CMakeFiles/3.10.2/CompilerIdC/a.out"

Determining if the C compiler works passed with the following output:
Change Dir: /home/henrik/Programming/backup_client/libgit2-0.27.0/CMakeFiles/CMakeTmp

Run Build Command:"/usr/bin/make" "cmTC_4490d/fast"
/usr/bin/make -f CMakeFiles/cmTC_4490d.dir/build.make CMakeFiles/cmTC_4490d.dir/build
make[1]: Entering directory '/home/henrik/Programming/backup_client/libgit2-0.27.0/CMakeFiles/CMakeTmp'
Building C object CMakeFiles/cmTC_4490d.dir/testCCompiler.c.o
/usr/bin/cc    -o CMakeFiles/cmTC_4490d.dir/testCCompiler.c.o   -c /home/henrik/Programming/backup_client/libgit2-0.27.0/CMakeFiles/CMakeTmp/testCCompiler.c
Linking C executable cmTC_4490d
/usr/bin/cmake -E cmake_link_script CMakeFiles/cmTC_4490d.dir/link.txt --verbose=1
/usr/bin/cc      -rdynamic CMakeFiles/cmTC_4490d.dir/testCCompiler.c.o  -o cmTC_4490d 
make[1]: Leaving directory '/home/henrik/Programming/backup_client/libgit2-0.27.0/CMakeFiles/CMakeTmp'


Detecting C compiler ABI info compiled with the following output:
Change Dir: /home/henrik/Programming/backup_client/libgit2-0.27.0/CMakeFiles/CMakeTmp

Run Build Command:"/usr/bin/make" "cmTC_c01e9/fast"
/usr/bin/make -f CMakeFiles/cmTC_c01e9.dir/build.make CMakeFiles/cmTC_c01e9.dir/build
make[1]: Entering directory '/home/henrik/Programming/backup_client/libgit2-0.27.0/CMakeFiles/CMakeTmp'
Building C object CMakeFiles/cmTC_c01e9.dir/CMakeCCompilerABI.c.o
/usr/bin/cc    -o CMakeFiles/cmTC_c01e9.dir/CMakeCCompilerABI.c.o   -c /usr/share/cmake-3.10/Modules/CMakeCCompilerABI.c
Linking C executable cmTC_c01e9
/usr/bin/cmake -E cmake_link_script CMakeFiles/cmTC_c01e9.dir/link.txt --verbose=1
/usr/bin/cc     -v -rdynamic CMakeFiles/cmTC_c01e9.dir/CMakeCCompilerABI.c.o  -o cmTC_c01e9 
Using built-in specs.
COLLECT_GCC=/usr/bin/cc
COLLECT_LTO_WRAPPER=/usr/lib/gcc/x86_64-linux-gnu/7/lto-wrapper
OFFLOAD_TARGET_NAMES=nvptx-none
OFFLOAD_TARGET_DEFAULT=1
Target: x86_64-linux-gnu
Configured with: ../src/configure -v --with-pkgversion='Ubuntu 7.3.0-27ubuntu1~18.04' --with-bugurl=file:///usr/share/doc/gcc-7/README.Bugs --enable-languages=c,ada,c++,go,brig,d,fortran,objc,obj-c++ --prefix=/usr --with-gcc-major-version-only --program-suffix=-7 --program-prefix=x86_64-linux-gnu- --enable-shared --enable-linker-build-id --libexecdir=/usr/lib --without-included-gettext --enable-threads=posix --libdir=/usr/lib --enable-nls --with-sysroot=/ --enable-clocale=gnu --enable-libstdcxx-debug --enable-libstdcxx-time=yes --with-default-libstdcxx-abi=new --enable-gnu-unique-object --disable-vtable-verify --enable-libmpx --enable-plugin --enable-default-pie --with-system-zlib --with-target-system-zlib --enable-objc-gc=auto --enable-multiarch --disable-werror --with-arch-32=i686 --with-abi=m64 --with-multilib-list=m32,m64,mx32 --enable-multilib --with-tune=generic --enable-offload-targets=nvptx-none --without-cuda-driver --enable-checking=release --build=x86_64-linux-gnu --host=x86_64-linux-gnu --target=x86_64-linux-gnu
Thread model: posix
gcc version 7.3.0 (Ubuntu 7.3.0-27ubuntu1~18.04) 
COMPILER_PATH=/usr/lib/gcc/x86_64-linux-gnu/7/:/usr/lib/gcc/x86_64-linux-gnu/7/:/usr/lib/gcc/x86_64-linux-gnu/:/usr/lib/gcc/x86_64-linux-gnu/7/:/usr/lib/gcc/x86_64-linux-gnu/
LIBRARY_PATH=/usr/lib/gcc/x86_64-linux-gnu/7/:/usr/lib/gcc/x86_64-linux-gnu/7/../../../x86_64-linux-gnu/:/usr/lib/gcc/x86_64-linux-gnu/7/../../../../lib/:/lib/x86_64-linux-gnu/:/lib/../lib/:/usr/lib/x86_64-linux-gnu/:/usr/lib/../lib/:/usr/lib/gcc/x86_64-linux-gnu/7/../../../:/lib/:/usr/lib/
COLLECT_GCC_OPTIONS='-v' '-rdynamic' '-o' 'cmTC_c01e9' '-mtune=generic' '-march=x86-64'
 /usr/lib/gcc/x86_64-linux-gnu/7/collect2 -plugin /usr/lib/gcc/x86_64-linux-gnu/7/liblto_plugin.so -plugin-opt=/usr/lib/gcc/x86_64-linux-gnu/7/lto-wrapper -plugin-opt=-fresolution=/tmp/ccQn7D7r.res -plugin-opt=-pass-through=-lgcc -plugin-opt=-pass-through=-lgcc_s -plugin-opt=-pass-through=-lc -plugin-opt=-pass-through=-lgcc -plugin-opt=-pass-through=-lgcc_s --sysroot=/ --build-id --eh-frame-hdr -m elf_x86_64 --hash-style=gnu --as-needed -export-dynamic -dynamic-linker /lib64/ld-linux-x86-64.so.2 -pie -z now -z relro -o cmTC_c01e9 /usr/lib/gcc/x86_64-linux-gnu/7/../../../x86_64-linux-gnu/Scrt1.o /usr/lib/gcc/x86_64-linux-gnu/7/../../../x86_64-linux-gnu/crti.o /usr/lib/gcc/x86_64-linux-gnu/7/crtbeginS.o -L/usr/lib/gcc/x86_64-linux-gnu/7 -L/usr/lib/gcc/x86_64-linux-gnu/7/../../../x86_64-linux-gnu -L/usr/lib/gcc/x86_64-linux-gnu/7/../../../../lib -L/lib/x86_64-linux-gnu -L/lib/../lib -L/usr/lib/x86_64-linux-gnu -L/usr/lib/../lib -L/usr/lib/gcc/x86_64-linux-gnu/7/../../.. CMakeFiles/cmTC_c01e9.dir/CMakeCCompilerABI.c.o -lgcc --push-state --as-needed -lgcc_s --pop-state -lc -lgcc --push-state --as-needed -lgcc_s --pop-state /usr/lib/gcc/x86_64-linux-gnu/7/crtendS.o /usr/lib/gcc/x86_64-linux-gnu/7/../../../x86_64-linux-gnu/crtn.o
COLLECT_GCC_OPTIONS='-v' '-rdynamic' '-o' 'cmTC_c01e9' '-mtune=generic' '-march=x86-64'
make[1]: Leaving directory '/home/henrik/Programming/backup_client/libgit2-0.27.0/CMakeFiles/CMakeTmp'


Parsed C implicit link information from above output:
  link line regex: [^( *|.*[/\])(ld|CMAKE_LINK_STARTFILE-NOTFOUND|([^/\]+-)?ld|collect2)[^/\]*( |$)]
  ignore line: [Change Dir: /home/henrik/Programming/backup_client/libgit2-0.27.0/CMakeFiles/CMakeTmp]
  ignore line: []
  ignore line: [Run Build Command:"/usr/bin/make" "cmTC_c01e9/fast"]
  ignore line: [/usr/bin/make -f CMakeFiles/cmTC_c01e9.dir/build.make CMakeFiles/cmTC_c01e9.dir/build]
  ignore line: [make[1]: Entering directory '/home/henrik/Programming/backup_client/libgit2-0.27.0/CMakeFiles/CMakeTmp']
  ignore line: [Building C object CMakeFiles/cmTC_c01e9.dir/CMakeCCompilerABI.c.o]
  ignore line: [/usr/bin/cc    -o CMakeFiles/cmTC_c01e9.dir/CMakeCCompilerABI.c.o   -c /usr/share/cmake-3.10/Modules/CMakeCCompilerABI.c]
  ignore line: [Linking C executable cmTC_c01e9]
  ignore line: [/usr/bin/cmake -E cmake_link_script CMakeFiles/cmTC_c01e9.dir/link.txt --verbose=1]
  ignore line: [/usr/bin/cc     -v -rdynamic CMakeFiles/cmTC_c01e9.dir/CMakeCCompilerABI.c.o  -o cmTC_c01e9 ]
  ignore line: [Using built-in specs.]
  ignore line: [COLLECT_GCC=/usr/bin/cc]
  ignore line: [COLLECT_LTO_WRAPPER=/usr/lib/gcc/x86_64-linux-gnu/7/lto-wrapper]
  ignore line: [OFFLOAD_TARGET_NAMES=nvptx-none]
  ignore line: [OFFLOAD_TARGET_DEFAULT=1]
  ignore line: [Target: x86_64-linux-gnu]
  ignore line: [Configured with: ../src/configure -v --with-pkgversion='Ubuntu 7.3.0-27ubuntu1~18.04' --with-bugurl=file:///usr/share/doc/gcc-7/README.Bugs --enable-languages=c,ada,c++,go,brig,d,fortran,objc,obj-c++ --prefix=/usr --with-gcc-major-version-only --program-suffix=-7 --program-prefix=x86_64-linux-gnu- --enable-shared --enable-linker-build-id --libexecdir=/usr/lib --without-included-gettext --enable-threads=posix --libdir=/usr/lib --enable-nls --with-sysroot=/ --enable-clocale=gnu --enable-libstdcxx-debug --enable-libstdcxx-time=yes --with-default-libstdcxx-abi=new --enable-gnu-unique-object --disable-vtable-verify --enable-libmpx --enable-plugin --enable-default-pie --with-system-zlib --with-target-system-zlib --enable-objc-gc=auto --enable-multiarch --disable-werror --with-arch-32=i686 --with-abi=m64 --with-multilib-list=m32,m64,mx32 --enable-multilib --with-tune=generic --enable-offload-targets=nvptx-none --without-cuda-driver --enable-checking=release --build=x86_64-linux-gnu --host=x86_64-linux-gnu --target=x86_64-linux-gnu]
  ignore line: [Thread model: posix]
  ignore line: [gcc version 7.3.0 (Ubuntu 7.3.0-27ubuntu1~18.04) ]
  ignore line: [COMPILER_PATH=/usr/lib/gcc/x86_64-linux-gnu/7/:/usr/lib/gcc/x86_64-linux-gnu/7/:/usr/lib/gcc/x86_64-linux-gnu/:/usr/lib/gcc/x86_64-linux-gnu/7/:/usr/lib/gcc/x86_64-linux-gnu/]
  ignore line: [LIBRARY_PATH=/usr/lib/gcc/x86_64-linux-gnu/7/:/usr/lib/gcc/x86_64-linux-gnu/7/../../../x86_64-linux-gnu/:/usr/lib/gcc/x86_64-linux-gnu/7/../../../../lib/:/lib/x86_64-linux-gnu/:/lib/../lib/:/usr/lib/x86_64-linux-gnu/:/usr/lib/../lib/:/usr/lib/gcc/x86_64-linux-gnu/7/../../../:/lib/:/usr/lib/]
  ignore line: [COLLECT_GCC_OPTIONS='-v' '-rdynamic' '-o' 'cmTC_c01e9' '-mtune=generic' '-march=x86-64']
  link line: [ /usr/lib/gcc/x86_64-linux-gnu/7/collect2 -plugin /usr/lib/gcc/x86_64-linux-gnu/7/liblto_plugin.so -plugin-opt=/usr/lib/gcc/x86_64-linux-gnu/7/lto-wrapper -plugin-opt=-fresolution=/tmp/ccQn7D7r.res -plugin-opt=-pass-through=-lgcc -plugin-opt=-pass-through=-lgcc_s -plugin-opt=-pass-through=-lc -plugin-opt=-pass-through=-lgcc -plugin-opt=-pass-through=-lgcc_s --sysroot=/ --build-id --eh-frame-hdr -m elf_x86_64 --hash-style=gnu --as-needed -export-dynamic -dynamic-linker /lib64/ld-linux-x86-64.so.2 -pie -z now -z relro -o cmTC_c01e9 /usr/lib/gcc/x86_64-linux-gnu/7/../../../x86_64-linux-gnu/Scrt1.o /usr/lib/gcc/x86_64-linux-gnu/7/../../../x86_64-linux-gnu/crti.o /usr/lib/gcc/x86_64-linux-gnu/7/crtbeginS.o -L/usr/lib/gcc/x86_64-linux-gnu/7 -L/usr/lib/gcc/x86_64-linux-gnu/7/../../../x86_64-linux-gnu -L/usr/lib/gcc/x86_64-linux-gnu/7/../../../../lib -L/lib/x86_64-linux-gnu -L/lib/../lib -L/usr/lib/x86_64-linux-gnu -L/usr/lib/../lib -L/usr/lib/gcc/x86_64-linux-gnu/7/../../.. CMakeFiles/cmTC_c01e9.dir/CMakeCCompilerABI.c.o -lgcc --push-state --as-needed -lgcc_s --pop-state -lc -lgcc --push-state --as-needed -lgcc_s --pop-state /usr/lib/gcc/x86_64-linux-gnu/7/crtendS.o /usr/lib/gcc/x86_64-linux-gnu/7/../../../x86_64-linux-gnu/crtn.o]
    arg [/usr/lib/gcc/x86_64-linux-gnu/7/collect2] ==> ignore
    arg [-plugin] ==> ignore
    arg [/usr/lib/gcc/x86_64-linux-gnu/7/liblto_plugin.so] ==> ignore
    arg [-plugin-opt=/usr/lib/gcc/x86_64-linux-gnu/7/lto-wrapper] ==> ignore
    arg [-plugin-opt=-fresolution=/tmp/ccQn7D7r.res] ==> ignore
    arg [-plugin-opt=-pass-through=-lgcc] ==> ignore
    arg [-plugin-opt=-pass-through=-lgcc_s] ==> ignore
    arg [-plugin-opt=-pass-through=-lc] ==> ignore
    arg [-plugin-opt=-pass-through=-lgcc] ==> ignore
    arg [-plugin-opt=-pass-through=-lgcc_s] ==> ignore
    arg [--sysroot=/] ==> ignore
    arg [--build-id] ==> ignore
    arg [--eh-frame-hdr] ==> ignore
    arg [-m] ==> ignore
    arg [elf_x86_64] ==> ignore
    arg [--hash-style=gnu] ==> ignore
    arg [--as-needed] ==> ignore
    arg [-export-dynamic] ==> ignore
    arg [-dynamic-linker] ==> ignore
    arg [/lib64/ld-linux-x86-64.so.2] ==> ignore
    arg [-pie] ==> ignore
    arg [-znow] ==> ignore
    arg [-zrelro] ==> ignore
    arg [-o] ==> ignore
    arg [cmTC_c01e9] ==> ignore
    arg [/usr/lib/gcc/x86_64-linux-gnu/7/../../../x86_64-linux-gnu/Scrt1.o] ==> ignore
    arg [/usr/lib/gcc/x86_64-linux-gnu/7/../../../x86_64-linux-gnu/crti.o] ==> ignore
    arg [/usr/lib/gcc/x86_64-linux-gnu/7/crtbeginS.o] ==> ignore
    arg [-L/usr/lib/gcc/x86_64-linux-gnu/7] ==> dir [/usr/lib/gcc/x86_64-linux-gnu/7]
    arg [-L/usr/lib/gcc/x86_64-linux-gnu/7/../../../x86_64-linux-gnu] ==> dir [/usr/lib/gcc/x86_64-linux-gnu/7/../../../x86_64-linux-gnu]
    arg [-L/usr/lib/gcc/x86_64-linux-gnu/7/../../../../lib] ==> dir [/usr/lib/gcc/x86_64-linux-gnu/7/../../../../lib]
    arg [-L/lib/x86_64-linux-gnu] ==> dir [/lib/x86_64-linux-gnu]
    arg [-L/lib/../lib] ==> dir [/lib/../lib]
    arg [-L/usr/lib/x86_64-linux-gnu] ==> dir [/usr/lib/x86_64-linux-gnu]
    arg [-L/usr/lib/../lib] ==> dir [/usr/lib/../lib]
    arg [-L/usr/lib/gcc/x86_64-linux-gnu/7/../../..] ==> dir [/usr/lib/gcc/x86_64-linux-gnu/7/../../..]
    arg [CMakeFiles/cmTC_c01e9.dir/CMakeCCompilerABI.c.o] ==> ignore
    arg [-lgcc] ==> lib [gcc]
    arg [--push-state] ==> ignore
    arg [--as-needed] ==> ignore
    arg [-lgcc_s] ==> lib [gcc_s]
    arg [--pop-state] ==> ignore
    arg [-lc] ==> lib [c]
    arg [-lgcc] ==> lib [gcc]
    arg [--push-state] ==> ignore
    arg [--as-needed] ==> ignore
    arg [-lgcc_s] ==> lib [gcc_s]
    arg [--pop-state] ==> ignore
    arg [/usr/lib/gcc/x86_64-linux-gnu/7/crtendS.o] ==> ignore
    arg [/usr/lib/gcc/x86_64-linux-gnu/7/../../../x86_64-linux-gnu/crtn.o] ==> ignore
  collapse library dir [/usr/lib/gcc/x86_64-linux-gnu/7] ==> [/usr/lib/gcc/x86_64-linux-gnu/7]
  collapse library dir [/usr/lib/gcc/x86_64-linux-gnu/7/../../../x86_64-linux-gnu] ==> [/usr/lib/x86_64-linux-gnu]
  collapse library dir [/usr/lib/gcc/x86_64-linux-gnu/7/../../../../lib] ==> [/usr/lib]
  collapse library dir [/lib/x86_64-linux-gnu] ==> [/lib/x86_64-linux-gnu]
  collapse library dir [/lib/../lib] ==> [/lib]
  collapse library dir [/usr/lib/x86_64-linux-gnu] ==> [/usr/lib/x86_64-linux-gnu]
  collapse library dir [/usr/lib/../lib] ==> [/usr/lib]
  collapse library dir [/usr/lib/gcc/x86_64-linux-gnu/7/../../..] ==> [/usr/lib]
  implicit libs: [gcc;gcc_s;c;gcc;gcc_s]
  implicit dirs: [/usr/lib/gcc/x86_64-linux-gnu/7;/usr/lib/x86_64-linux-gnu;/usr/lib;/lib/x86_64-linux-gnu;/lib]
  implicit fwks: []




Detecting C [-std=c11] compiler features compiled with the following output:
Change Dir: /home/henrik/Programming/backup_client/libgit2-0.27.0/CMakeFiles/CMakeTmp

Run Build Command:"/usr/bin/make" "cmTC_aa97e/fast"
/usr/bin/make -f CMakeFiles/cmTC_aa97e.dir/build.make CMakeFiles/cmTC_aa97e.dir/build
make[1]: Entering directory '/home/henrik/Programming/backup_client/libgit2-0.27.0/CMakeFiles/CMakeTmp'
Building C object CMakeFiles/cmTC_aa97e.dir/feature_tests.c.o
/usr/bin/cc   -std=c11 -o CMakeFiles/cmTC_aa97e.dir/feature_tests.c.o   -c /home/henrik/Programming/backup_client/libgit2-0.27.0/CMakeFiles/feature_tests.c
Linking C executable cmTC_aa97e
/usr/bin/cmake -E cmake_link_script CMakeFiles/cmTC_aa97e.dir/link.txt --verbose=1
/usr/bin/cc      -rdynamic CMakeFiles/cmTC_aa97e.dir/feature_tests.c.o  -o cmTC_aa97e 
make[1]: Leaving directory '/home/henrik/Programming/backup_client/libgit2-0.27.0/CMakeFiles/CMakeTmp'


    Feature record: C_FEATURE:1c_function_prototypes
    Feature record: C_FEATURE:1c_restrict
    Feature record: C_FEATURE:1c_static_assert
    Feature record: C_FEATURE:1c_variadic_macros


Detecting C [-std=c99] compiler features compiled with the following output:
Change Dir: /home/henrik/Programming/backup_client/libgit2-0.27.0/CMakeFiles/CMakeTmp

Run Build Command:"/usr/bin/make" "cmTC_85bc9/fast"
/usr/bin/make -f CMakeFiles/cmTC_85bc9.dir/build.make CMakeFiles/cmTC_85bc9.dir/build
make[1]: Entering directory '/home/henrik/Programming/backup_client/libgit2-0.27.0/CMakeFiles/CMakeTmp'
Building C object CMakeFiles/cmTC_85bc9.dir/feature_tests.c.o
/usr/bin/cc   -std=c99 -o CMakeFiles/cmTC_85bc9.dir/feature_tests.c.o   -c /home/henrik/Programming/backup_client/libgit2-0.27.0/CMakeFiles/feature_tests.c
Linking C executable cmTC_85bc9
/usr/bin/cmake -E cmake_link_script CMakeFiles/cmTC_85bc9.dir/link.txt --verbose=1
/usr/bin/cc      -rdynamic CMakeFiles/cmTC_85bc9.dir/feature_tests.c.o  -o cmTC_85bc9 
make[1]: Leaving directory '/home/henrik/Programming/backup_client/libgit2-0.27.0/CMakeFiles/CMakeTmp'


    Feature record: C_FEATURE:1c_function_prototypes
    Feature record: C_FEATURE:1c_restrict
    Feature record: C_FEATURE:0c_static_assert
    Feature record: C_FEATURE:1c_variadic_macros


Detecting C [-std=c90] compiler features compiled with the following output:
Change Dir: /home/henrik/Programming/backup_client/libgit2-0.27.0/CMakeFiles/CMakeTmp

Run Build Command:"/usr/bin/make" "cmTC_c60f1/fast"
/usr/bin/make -f CMakeFiles/cmTC_c60f1.dir/build.make CMakeFiles/cmTC_c60f1.dir/build
make[1]: Entering directory '/home/henrik/Programming/backup_client/libgit2-0.27.0/CMakeFiles/CMakeTmp'
Building C object CMakeFiles/cmTC_c60f1.dir/feature_tests.c.o
/usr/bin/cc   -std=c90 -o CMakeFiles/cmTC_c60f1.dir/feature_tests.c.o   -c /home/henrik/Programming/backup_client/libgit2-0.27.0/CMakeFiles/feature_tests.c
Linking C executable cmTC_c60f1
/usr/bin/cmake -E cmake_link_script CMakeFiles/cmTC_c60f1.dir/link.txt --verbose=1
/usr/bin/cc      -rdynamic CMakeFiles/cmTC_c60f1.dir/feature_tests.c.o  -o cmTC_c60f1 
make[1]: Leaving directory '/home/henrik/Programming/backup_client/libgit2-0.27.0/CMakeFiles/CMakeTmp'


    Feature record: C_FEATURE:1c_function_prototypes
    Feature record: C_FEATURE:0c_restrict
    Feature record: C_FEATURE:0c_static_assert
    Feature record: C_FEATURE:0c_variadic_macros
Determining if the include file pthread.h exists passed with the following output:
Change Dir: /home/henrik/Programming/backup_client/libgit2-0.27.0/CMakeFiles/CMakeTmp

Run Build Command:"/usr/bin/make" "cmTC_22741/fast"
/usr/bin/make -f CMakeFiles/cmTC_22741.dir/build.make CMakeFiles/cmTC_22741.dir/build
make[1]: Entering directory '/home/henrik/Programming/backup_client/libgit2-0.27.0/CMakeFiles/CMakeTmp'
Building C object CMakeFiles/cmTC_22741.dir/CheckIncludeFile.c.o
/usr/bin/cc    -o CMakeFiles/cmTC_22741.dir/CheckIncludeFile.c.o   -c /home/henrik/Programming/backup_client/libgit2-0.27.0/CMakeFiles/CMakeTmp/CheckIncludeFile.c
Linking C executable cmTC_22741
/usr/bin/cmake -E cmake_link_script CMakeFiles/cmTC_22741.dir/link.txt --verbose=1
/usr/bin/cc      -rdynamic CMakeFiles/cmTC_22741.dir/CheckIncludeFile.c.o  -o cmTC_22741 
make[1]: Leaving directory '/home/henrik/Programming/backup_client/libgit2-0.27.0/CMakeFiles/CMakeTmp'


Determining if the function pthread_create exists in the pthread passed with the following output:
Change Dir: /home/henrik/Programming/backup_client/libgit2-0.27.0/CMakeFiles/CMakeTmp

Run Build Command:"/usr/bin/make" "cmTC_072b0/fast"
/usr/bin/make -f CMakeFiles/cmTC_072b0.dir/build.make CMakeFiles/cmTC_072b0.dir/build
make[1]: Entering directory '/home/henrik/Programming/backup_client/libgit2-0.27.0/CMakeFiles/CMakeTmp'
Building C object CMakeFiles/cmTC_072b0.dir/CheckFunctionExists.c.o
/usr/bin/cc   -DCHECK_FUNCTION_EXISTS=pthread_create   -o CMakeFiles/cmTC_072b0.dir/CheckFunctionExists.c.o   -c /usr/share/cmake-3.10/Modules/CheckFunctionExists.c
Linking C executable cmTC_072b0
/usr/bin/cmake -E cmake_link_script CMakeFiles/cmTC_072b0.dir/link.txt --verbose=1
/usr/bin/cc  -DCHECK_FUNCTION_EXISTS=pthread_create    -rdynamic CMakeFiles/cmTC_072b0.dir/CheckFunctionExists.c.o  -o cmTC_072b0 -lpthread 
make[1]: Leaving directory '/home/henrik/Programming/backup_client/libgit2-0.27.0/CMakeFiles/CMakeTmp'


Performing C SOURCE FILE Test HAVE_STRUCT_STAT_ST_MTIM succeeded with the following output:
Change Dir: /home/henrik/Programming/backup_client/libgit2-0.27.0/CMakeFiles/CMakeTmp

Run Build Command:"/usr/bin/make" "cmTC_422eb/fast"
/usr/bin/make -f CMakeFiles/cmTC_422eb.dir/build.make CMakeFiles/cmTC_422eb.dir/build
make[1]: Entering directory '/home/henrik/Programming/backup_client/libgit2-0.27.0/CMakeFiles/CMakeTmp'
Building C object CMakeFiles/cmTC_422eb.dir/src.c.o
/usr/bin/cc   -DHAVE_STRUCT_STAT_ST_MTIM   -o CMakeFiles/cmTC_422eb.dir/src.c.o   -c /home/henrik/Programming/backup_client/libgit2-0.27.0/CMakeFiles/CMakeTmp/src.c
Linking C executable cmTC_422eb
/usr/bin/cmake -E cmake_link_script CMakeFiles/cmTC_422eb.dir/link.txt --verbose=1
/usr/bin/cc  -DHAVE_STRUCT_STAT_ST_MTIM    -rdynamic CMakeFiles/cmTC_422eb.dir/src.c.o  -o cmTC_422eb 
make[1]: Leaving directory '/home/henrik/Programming/backup_client/libgit2-0.27.0/CMakeFiles/CMakeTmp'

Source file was:

#include <sys/types.h>
#include <sys/stat.h>

int main()
{
   (void)sizeof(((struct stat *)0)->st_mtim);
   return 0;
}

Performing C SOURCE FILE Test HAVE_STRUCT_STAT_NSEC succeeded with the following output:
Change Dir: /home/henrik/Programming/backup_client/libgit2-0.27.0/CMakeFiles/CMakeTmp

Run Build Command:"/usr/bin/make" "cmTC_4f5aa/fast"
/usr/bin/make -f CMakeFiles/cmTC_4f5aa.dir/build.make CMakeFiles/cmTC_4f5aa.dir/build
make[1]: Entering directory '/home/henrik/Programming/backup_client/libgit2-0.27.0/CMakeFiles/CMakeTmp'
Building C object CMakeFiles/cmTC_4f5aa.dir/src.c.o
/usr/bin/cc   -DHAVE_STRUCT_STAT_NSEC   -o CMakeFiles/cmTC_4f5aa.dir/src.c.o   -c /home/henrik/Programming/backup_client/libgit2-0.27.0/CMakeFiles/CMakeTmp/src.c
Linking C executable cmTC_4f5aa
/usr/bin/cmake -E cmake_link_script CMakeFiles/cmTC_4f5aa.dir/link.txt --verbose=1
/usr/bin/cc  -DHAVE_STRUCT_STAT_NSEC    -rdynamic CMakeFiles/cmTC_4f5aa.dir/src.c.o  -o cmTC_4f5aa 
make[1]: Leaving directory '/home/henrik/Programming/backup_client/libgit2-0.27.0/CMakeFiles/CMakeTmp'

Source file was:

#include <sys/stat.h>

int main()
{
   (void)sizeof(((struct stat *)0)->st_mtim.tv_nsec);
   return 0;
}

Performing C SOURCE FILE Test IS_WALL_SUPPORTED succeeded with the following output:
Change Dir: /home/henrik/Programming/backup_client/libgit2-0.27.0/CMakeFiles/CMakeTmp

Run Build Command:"/usr/bin/make" "cmTC_6d5f2/fast"
/usr/bin/make -f CMakeFiles/cmTC_6d5f2.dir/build.make CMakeFiles/cmTC_6d5f2.dir/build
make[1]: Entering directory '/home/henrik/Programming/backup_client/libgit2-0.27.0/CMakeFiles/CMakeTmp'
Building C object CMakeFiles/cmTC_6d5f2.dir/src.c.o
/usr/bin/cc   -D_GNU_SOURCE  -DIS_WALL_SUPPORTED   -Wall -o CMakeFiles/cmTC_6d5f2.dir/src.c.o   -c /home/henrik/Programming/backup_client/libgit2-0.27.0/CMakeFiles/CMakeTmp/src.c
Linking C executable cmTC_6d5f2
/usr/bin/cmake -E cmake_link_script CMakeFiles/cmTC_6d5f2.dir/link.txt --verbose=1
/usr/bin/cc -D_GNU_SOURCE  -DIS_WALL_SUPPORTED    -rdynamic CMakeFiles/cmTC_6d5f2.dir/src.c.o  -o cmTC_6d5f2 
make[1]: Leaving directory '/home/henrik/Programming/backup_client/libgit2-0.27.0/CMakeFiles/CMakeTmp'

Source file was:
int main(void) { return 0; }
Performing C SOURCE FILE Test IS_WEXTRA_SUPPORTED succeeded with the following output:
Change Dir: /home/henrik/Programming/backup_client/libgit2-0.27.0/CMakeFiles/CMakeTmp

Run Build Command:"/usr/bin/make" "cmTC_303b6/fast"
/usr/bin/make -f CMakeFiles/cmTC_303b6.dir/build.make CMakeFiles/cmTC_303b6.dir/build
make[1]: Entering directory '/home/henrik/Programming/backup_client/libgit2-0.27.0/CMakeFiles/CMakeTmp'
Building C object CMakeFiles/cmTC_303b6.dir/src.c.o
/usr/bin/cc   -D_GNU_SOURCE  -Wall -DIS_WEXTRA_SUPPORTED   -Wextra -o CMakeFiles/cmTC_303b6.dir/src.c.o   -c /home/henrik/Programming/backup_client/libgit2-0.27.0/CMakeFiles/CMakeTmp/src.c
Linking C executable cmTC_303b6
/usr/bin/cmake -E cmake_link_script CMakeFiles/cmTC_303b6.dir/link.txt --verbose=1
/usr/bin/cc -D_GNU_SOURCE  -Wall -DIS_WEXTRA_SUPPORTED    -rdynamic CMakeFiles/cmTC_303b6.dir/src.c.o  -o cmTC_303b6 
make[1]: Leaving directory '/home/henrik/Programming/backup_client/libgit2-0.27.0/CMakeFiles/CMakeTmp'

Source file was:
int main(void) { return 0; }
Performing C SOURCE FILE Test IS_FVISIBILITY=HIDDEN_SUPPORTED succeeded with the following output:
Change Dir: /home/henrik/Programming/backup_client/libgit2-0.27.0/CMakeFiles/CMakeTmp

Run Build Command:"/usr/bin/make" "cmTC_27315/fast"
/usr/bin/make -f CMakeFiles/cmTC_27315.dir/build.make CMakeFiles/cmTC_27315.dir/build
make[1]: Entering directory '/home/henrik/Programming/backup_client/libgit2-0.27.0/CMakeFiles/CMakeTmp'
Building C object CMakeFiles/cmTC_27315.dir/src.c.o
/usr/bin/cc   -D_GNU_SOURCE  -Wall -Wextra -DIS_FVISIBILITY=HIDDEN_SUPPORTED   -fvisibility=hidden -o CMakeFiles/cmTC_27315.dir/src.c.o   -c /home/henrik/Programming/backup_client/libgit2-0.27.0/CMakeFiles/CMakeTmp/src.c
Linking C executable cmTC_27315
/usr/bin/cmake -E cmake_link_script CMakeFiles/cmTC_27315.dir/link.txt --verbose=1
/usr/bin/cc -D_GNU_SOURCE  -Wall -Wextra -DIS_FVISIBILITY=HIDDEN_SUPPORTED    -rdynamic CMakeFiles/cmTC_27315.dir/src.c.o  -o cmTC_27315 
make[1]: Leaving directory '/home/henrik/Programming/backup_client/libgit2-0.27.0/CMakeFiles/CMakeTmp'

Source file was:
int main(void) { return 0; }
Performing C SOURCE FILE Test IS_WNO-MISSING-FIELD-INITIALIZERS_SUPPORTED succeeded with the following output:
Change Dir: /home/henrik/Programming/backup_client/libgit2-0.27.0/CMakeFiles/CMakeTmp

Run Build Command:"/usr/bin/make" "cmTC_4159c/fast"
/usr/bin/make -f CMakeFiles/cmTC_4159c.dir/build.make CMakeFiles/cmTC_4159c.dir/build
make[1]: Entering directory '/home/henrik/Programming/backup_client/libgit2-0.27.0/CMakeFiles/CMakeTmp'
Building C object CMakeFiles/cmTC_4159c.dir/src.c.o
/usr/bin/cc   -D_GNU_SOURCE  -Wall -Wextra -fvisibility=hidden -fPIC -DIS_WNO-MISSING-FIELD-INITIALIZERS_SUPPORTED   -Wno-missing-field-initializers -o CMakeFiles/cmTC_4159c.dir/src.c.o   -c /home/henrik/Programming/backup_client/libgit2-0.27.0/CMakeFiles/CMakeTmp/src.c
<command-line>:0:7: warning: ISO C99 requires whitespace after the macro name
Linking C executable cmTC_4159c
/usr/bin/cmake -E cmake_link_script CMakeFiles/cmTC_4159c.dir/link.txt --verbose=1
/usr/bin/cc -D_GNU_SOURCE  -Wall -Wextra -fvisibility=hidden -fPIC -DIS_WNO-MISSING-FIELD-INITIALIZERS_SUPPORTED    -rdynamic CMakeFiles/cmTC_4159c.dir/src.c.o  -o cmTC_4159c 
make[1]: Leaving directory '/home/henrik/Programming/backup_client/libgit2-0.27.0/CMakeFiles/CMakeTmp'

Source file was:
int main(void) { return 0; }
Performing C SOURCE FILE Test IS_WSTRICT-ALIASING_SUPPORTED succeeded with the following output:
Change Dir: /home/henrik/Programming/backup_client/libgit2-0.27.0/CMakeFiles/CMakeTmp

Run Build Command:"/usr/bin/make" "cmTC_ad66c/fast"
/usr/bin/make -f CMakeFiles/cmTC_ad66c.dir/build.make CMakeFiles/cmTC_ad66c.dir/build
make[1]: Entering directory '/home/henrik/Programming/backup_client/libgit2-0.27.0/CMakeFiles/CMakeTmp'
Building C object CMakeFiles/cmTC_ad66c.dir/src.c.o
/usr/bin/cc   -D_GNU_SOURCE  -Wall -Wextra -fvisibility=hidden -fPIC -Wno-missing-field-initializers -DIS_WSTRICT-ALIASING_SUPPORTED   -Wstrict-aliasing -o CMakeFiles/cmTC_ad66c.dir/src.c.o   -c /home/henrik/Programming/backup_client/libgit2-0.27.0/CMakeFiles/CMakeTmp/src.c
<command-line>:0:11: warning: ISO C99 requires whitespace after the macro name
Linking C executable cmTC_ad66c
/usr/bin/cmake -E cmake_link_script CMakeFiles/cmTC_ad66c.dir/link.txt --verbose=1
/usr/bin/cc -D_GNU_SOURCE  -Wall -Wextra -fvisibility=hidden -fPIC -Wno-missing-field-initializers -DIS_WSTRICT-ALIASING_SUPPORTED    -rdynamic CMakeFiles/cmTC_ad66c.dir/src.c.o  -o cmTC_ad66c 
make[1]: Leaving directory '/home/henrik/Programming/backup_client/libgit2-0.27.0/CMakeFiles/CMakeTmp'

Source file was:
int main(void) { return 0; }
Performing C SOURCE FILE Test IS_WSTRICT-PROTOTYPES_SUPPORTED succeeded with the following output:
Change Dir: /home/henrik/Programming/backup_client/libgit2-0.27.0/CMakeFiles/CMakeTmp

Run Build Command:"/usr/bin/make" "cmTC_1f252/fast"
/usr/bin/make -f CMakeFiles/cmTC_1f252.dir/build.make CMakeFiles/cmTC_1f252.dir/build
make[1]: Entering directory '/home/henrik/Programming/backup_client/libgit2-0.27.0/CMakeFiles/CMakeTmp'
Building C object CMakeFiles/cmTC_1f252.dir/src.c.o
/usr/bin/cc   -D_GNU_SOURCE  -Wall -Wextra -fvisibility=hidden -fPIC -Wno-missing-field-initializers -Wstrict-aliasing -DIS_WSTRICT-PROTOTYPES_SUPPORTED   -Wstrict-prototypes -o CMakeFiles/cmTC_1f252.dir/src.c.o   -c /home/henrik/Programming/backup_client/libgit2-0.27.0/CMakeFiles/CMakeTmp/src.c
<command-line>:0:11: warning: ISO C99 requires whitespace after the macro name
Linking C executable cmTC_1f252
/usr/bin/cmake -E cmake_link_script CMakeFiles/cmTC_1f252.dir/link.txt --verbose=1
/usr/bin/cc -D_GNU_SOURCE  -Wall -Wextra -fvisibility=hidden -fPIC -Wno-missing-field-initializers -Wstrict-aliasing -DIS_WSTRICT-PROTOTYPES_SUPPORTED    -rdynamic CMakeFiles/cmTC_1f252.dir/src.c.o  -o cmTC_1f252 
make[1]: Leaving directory '/home/henrik/Programming/backup_client/libgit2-0.27.0/CMakeFiles/CMakeTmp'

Source file was:
int main(void) { return 0; }
Performing C SOURCE FILE Test IS_WDECLARATION-AFTER-STATEMENT_SUPPORTED succeeded with the following output:
Change Dir: /home/henrik/Programming/backup_client/libgit2-0.27.0/CMakeFiles/CMakeTmp

Run Build Command:"/usr/bin/make" "cmTC_5e40a/fast"
/usr/bin/make -f CMakeFiles/cmTC_5e40a.dir/build.make CMakeFiles/cmTC_5e40a.dir/build
make[1]: Entering directory '/home/henrik/Programming/backup_client/libgit2-0.27.0/CMakeFiles/CMakeTmp'
Building C object CMakeFiles/cmTC_5e40a.dir/src.c.o
/usr/bin/cc   -D_GNU_SOURCE  -Wall -Wextra -fvisibility=hidden -fPIC -Wno-missing-field-initializers -Wstrict-aliasing -Wstrict-prototypes -DIS_WDECLARATION-AFTER-STATEMENT_SUPPORTED   -Wdeclaration-after-statement -o CMakeFiles/cmTC_5e40a.dir/src.c.o   -c /home/henrik/Programming/backup_client/libgit2-0.27.0/CMakeFiles/CMakeTmp/src.c
<command-line>:0:16: warning: ISO C99 requires whitespace after the macro name
Linking C executable cmTC_5e40a
/usr/bin/cmake -E cmake_link_script CMakeFiles/cmTC_5e40a.dir/link.txt --verbose=1
/usr/bin/cc -D_GNU_SOURCE  -Wall -Wextra -fvisibility=hidden -fPIC -Wno-missing-field-initializers -Wstrict-aliasing -Wstrict-prototypes -DIS_WDECLARATION-AFTER-STATEMENT_SUPPORTED    -rdynamic CMakeFiles/cmTC_5e40a.dir/src.c.o  -o cmTC_5e40a 
make[1]: Leaving directory '/home/henrik/Programming/backup_client/libgit2-0.27.0/CMakeFiles/CMakeTmp'

Source file was:
int main(void) { return 0; }
Performing C SOURCE FILE Test IS_WSHIFT-COUNT-OVERFLOW_SUPPORTED succeeded with the following output:
Change Dir: /home/henrik/Programming/backup_client/libgit2-0.27.0/CMakeFiles/CMakeTmp

Run Build Command:"/usr/bin/make" "cmTC_d9b97/fast"
/usr/bin/make -f CMakeFiles/cmTC_d9b97.dir/build.make CMakeFiles/cmTC_d9b97.dir/build
make[1]: Entering directory '/home/henrik/Programming/backup_client/libgit2-0.27.0/CMakeFiles/CMakeTmp'
Building C object CMakeFiles/cmTC_d9b97.dir/src.c.o
/usr/bin/cc   -D_GNU_SOURCE  -Wall -Wextra -fvisibility=hidden -fPIC -Wno-missing-field-initializers -Wstrict-aliasing -Wstrict-prototypes -Wdeclaration-after-statement -DIS_WSHIFT-COUNT-OVERFLOW_SUPPORTED   -Wshift-count-overflow -o CMakeFiles/cmTC_d9b97.dir/src.c.o   -c /home/henrik/Programming/backup_client/libgit2-0.27.0/CMakeFiles/CMakeTmp/src.c
<command-line>:0:10: warning: ISO C99 requires whitespace after the macro name
Linking C executable cmTC_d9b97
/usr/bin/cmake -E cmake_link_script CMakeFiles/cmTC_d9b97.dir/link.txt --verbose=1
/usr/bin/cc -D_GNU_SOURCE  -Wall -Wextra -fvisibility=hidden -fPIC -Wno-missing-field-initializers -Wstrict-aliasing -Wstrict-prototypes -Wdeclaration-after-statement -DIS_WSHIFT-COUNT-OVERFLOW_SUPPORTED    -rdynamic CMakeFiles/cmTC_d9b97.dir/src.c.o  -o cmTC_d9b97 
make[1]: Leaving directory '/home/henrik/Programming/backup_client/libgit2-0.27.0/CMakeFiles/CMakeTmp'

Source file was:
int main(void) { return 0; }
Performing C SOURCE FILE Test IS_WNO-UNUSED-CONST-VARIABLE_SUPPORTED succeeded with the following output:
Change Dir: /home/henrik/Programming/backup_client/libgit2-0.27.0/CMakeFiles/CMakeTmp

Run Build Command:"/usr/bin/make" "cmTC_1778b/fast"
/usr/bin/make -f CMakeFiles/cmTC_1778b.dir/build.make CMakeFiles/cmTC_1778b.dir/build
make[1]: Entering directory '/home/henrik/Programming/backup_client/libgit2-0.27.0/CMakeFiles/CMakeTmp'
Building C object CMakeFiles/cmTC_1778b.dir/src.c.o
/usr/bin/cc   -D_GNU_SOURCE  -Wall -Wextra -fvisibility=hidden -fPIC -Wno-missing-field-initializers -Wstrict-aliasing -Wstrict-prototypes -Wdeclaration-after-statement -Wshift-count-overflow -DIS_WNO-UNUSED-CONST-VARIABLE_SUPPORTED   -Wno-unused-const-variable -o CMakeFiles/cmTC_1778b.dir/src.c.o   -c /home/henrik/Programming/backup_client/libgit2-0.27.0/CMakeFiles/CMakeTmp/src.c
<command-line>:0:7: warning: ISO C99 requires whitespace after the macro name
Linking C executable cmTC_1778b
/usr/bin/cmake -E cmake_link_script CMakeFiles/cmTC_1778b.dir/link.txt --verbose=1
/usr/bin/cc -D_GNU_SOURCE  -Wall -Wextra -fvisibility=hidden -fPIC -Wno-missing-field-initializers -Wstrict-aliasing -Wstrict-prototypes -Wdeclaration-after-statement -Wshift-count-overflow -DIS_WNO-UNUSED-CONST-VARIABLE_SUPPORTED    -rdynamic CMakeFiles/cmTC_1778b.dir/src.c.o  -o cmTC_1778b 
make[1]: Leaving directory '/home/henrik/Programming/backup_client/libgit2-0.27.0/CMakeFiles/CMakeTmp'

Source file was:
int main(void) { return 0; }
Performing C SOURCE FILE Test IS_WNO-UNUSED-FUNCTION_SUPPORTED succeeded with the following output:
Change Dir: /home/henrik/Programming/backup_client/libgit2-0.27.0/CMakeFiles/CMakeTmp

Run Build Command:"/usr/bin/make" "cmTC_2d8dc/fast"
/usr/bin/make -f CMakeFiles/cmTC_2d8dc.dir/build.make CMakeFiles/cmTC_2d8dc.dir/build
make[1]: Entering directory '/home/henrik/Programming/backup_client/libgit2-0.27.0/CMakeFiles/CMakeTmp'
Building C object CMakeFiles/cmTC_2d8dc.dir/src.c.o
/usr/bin/cc   -D_GNU_SOURCE  -Wall -Wextra -fvisibility=hidden -fPIC -Wno-missing-field-initializers -Wstrict-aliasing -Wstrict-prototypes -Wdeclaration-after-statement -Wshift-count-overflow -Wno-unused-const-variable -DIS_WNO-UNUSED-FUNCTION_SUPPORTED   -Wno-unused-function -o CMakeFiles/cmTC_2d8dc.dir/src.c.o   -c /home/henrik/Programming/backup_client/libgit2-0.27.0/CMakeFiles/CMakeTmp/src.c
<command-line>:0:7: warning: ISO C99 requires whitespace after the macro name
Linking C executable cmTC_2d8dc
/usr/bin/cmake -E cmake_link_script CMakeFiles/cmTC_2d8dc.dir/link.txt --verbose=1
/usr/bin/cc -D_GNU_SOURCE  -Wall -Wextra -fvisibility=hidden -fPIC -Wno-missing-field-initializers -Wstrict-aliasing -Wstrict-prototypes -Wdeclaration-after-statement -Wshift-count-overflow -Wno-unused-const-variable -DIS_WNO-UNUSED-FUNCTION_SUPPORTED    -rdynamic CMakeFiles/cmTC_2d8dc.dir/src.c.o  -o cmTC_2d8dc 
make[1]: Leaving directory '/home/henrik/Programming/backup_client/libgit2-0.27.0/CMakeFiles/CMakeTmp'

Source file was:
int main(void) { return 0; }
Determining if the function futimens exists passed with the following output:
Change Dir: /home/henrik/Programming/backup_client/libgit2-0.27.0/CMakeFiles/CMakeTmp

Run Build Command:"/usr/bin/make" "cmTC_c3af2/fast"
/usr/bin/make -f CMakeFiles/cmTC_c3af2.dir/build.make CMakeFiles/cmTC_c3af2.dir/build
make[1]: Entering directory '/home/henrik/Programming/backup_client/libgit2-0.27.0/CMakeFiles/CMakeTmp'
Building C object CMakeFiles/cmTC_c3af2.dir/CheckFunctionExists.c.o
/usr/bin/cc   -D_GNU_SOURCE  -Wall -Wextra -fvisibility=hidden -fPIC -Wno-missing-field-initializers -Wstrict-aliasing -Wstrict-prototypes -Wdeclaration-after-statement -Wshift-count-overflow -Wno-unused-const-variable -Wno-unused-function -DCHECK_FUNCTION_EXISTS=futimens   -o CMakeFiles/cmTC_c3af2.dir/CheckFunctionExists.c.o   -c /usr/share/cmake-3.10/Modules/CheckFunctionExists.c
Linking C executable cmTC_c3af2
/usr/bin/cmake -E cmake_link_script CMakeFiles/cmTC_c3af2.dir/link.txt --verbose=1
/usr/bin/cc -D_GNU_SOURCE  -Wall -Wextra -fvisibility=hidden -fPIC -Wno-missing-field-initializers -Wstrict-aliasing -Wstrict-prototypes -Wdeclaration-after-statement -Wshift-count-overflow -Wno-unused-const-variable -Wno-unused-function -DCHECK_FUNCTION_EXISTS=futimens    -rdynamic CMakeFiles/cmTC_c3af2.dir/CheckFunctionExists.c.o  -o cmTC_c3af2 
make[1]: Leaving directory '/home/henrik/Programming/backup_client/libgit2-0.27.0/CMakeFiles/CMakeTmp'


Determining if the function qsort_r exists passed with the following output:
Change Dir: /home/henrik/Programming/backup_client/libgit2-0.27.0/CMakeFiles/CMakeTmp

Run Build Command:"/usr/bin/make" "cmTC_b076e/fast"
/usr/bin/make -f CMakeFiles/cmTC_b076e.dir/build.make CMakeFiles/cmTC_b076e.dir/build
make[1]: Entering directory '/home/henrik/Programming/backup_client/libgit2-0.27.0/CMakeFiles/CMakeTmp'
Building C object CMakeFiles/cmTC_b076e.dir/CheckFunctionExists.c.o
/usr/bin/cc   -D_GNU_SOURCE  -Wall -Wextra -fvisibility=hidden -fPIC -Wno-missing-field-initializers -Wstrict-aliasing -Wstrict-prototypes -Wdeclaration-after-statement -Wshift-count-overflow -Wno-unused-const-variable -Wno-unused-function -DCHECK_FUNCTION_EXISTS=qsort_r   -o CMakeFiles/cmTC_b076e.dir/CheckFunctionExists.c.o   -c /usr/share/cmake-3.10/Modules/CheckFunctionExists.c
Linking C executable cmTC_b076e
/usr/bin/cmake -E cmake_link_script CMakeFiles/cmTC_b076e.dir/link.txt --verbose=1
/usr/bin/cc -D_GNU_SOURCE  -Wall -Wextra -fvisibility=hidden -fPIC -Wno-missing-field-initializers -Wstrict-aliasing -Wstrict-prototypes -Wdeclaration-after-statement -Wshift-count-overflow -Wno-unused-const-variable -Wno-unused-function -DCHECK_FUNCTION_EXISTS=qsort_r    -rdynamic CMakeFiles/cmTC_b076e.dir/CheckFunctionExists.c.o  -o cmTC_b076e 
make[1]: Leaving directory '/home/henrik/Programming/backup_client/libgit2-0.27.0/CMakeFiles/CMakeTmp'


Determining if the function clock_gettime exists in the rt passed with the following output:
Change Dir: /home/henrik/Programming/backup_client/libgit2-0.27.0/CMakeFiles/CMakeTmp

Run Build Command:"/usr/bin/make" "cmTC_1643e/fast"
/usr/bin/make -f CMakeFiles/cmTC_1643e.dir/build.make CMakeFiles/cmTC_1643e.dir/build
make[1]: Entering directory '/home/henrik/Programming/backup_client/libgit2-0.27.0/CMakeFiles/CMakeTmp'
Building C object CMakeFiles/cmTC_1643e.dir/CheckFunctionExists.c.o
/usr/bin/cc   -D_GNU_SOURCE  -Wall -Wextra -fvisibility=hidden -fPIC -Wno-missing-field-initializers -Wstrict-aliasing -Wstrict-prototypes -Wdeclaration-after-statement -Wshift-count-overflow -Wno-unused-const-variable -Wno-unused-function -DCHECK_FUNCTION_EXISTS=clock_gettime   -o CMakeFiles/cmTC_1643e.dir/CheckFunctionExists.c.o   -c /usr/share/cmake-3.10/Modules/CheckFunctionExists.c
Linking C executable cmTC_1643e
/usr/bin/cmake -E cmake_link_script CMakeFiles/cmTC_1643e.dir/link.txt --verbose=1
/usr/bin/cc -D_GNU_SOURCE  -Wall -Wextra -fvisibility=hidden -fPIC -Wno-missing-field-initializers -Wstrict-aliasing -Wstrict-prototypes -Wdeclaration-after-statement -Wshift-count-overflow -Wno-unused-const-variable -Wno-unused-function -DCHECK_FUNCTION_EXISTS=clock_gettime    -rdynamic CMakeFiles/cmTC_1643e.dir/CheckFunctionExists.c.o  -o cmTC_1643e  -L/home/henrik/Programming/backup_client/libgit2-0.27.0/CMakeFiles/CMakeTmp/time.h -Wl,-rpath,/home/henrik/Programming/backup_client/libgit2-0.27.0/CMakeFiles/CMakeTmp/time.h -lrt 
make[1]: Leaving directory '/home/henrik/Programming/backup_client/libgit2-0.27.0/CMakeFiles/CMakeTmp'


Determining if the function libssh2_userauth_publickey_frommemory exists in the ssh2 passed with the following output:
Change Dir: /home/henrik/Programming/backup_client/libgit2-0.27.0/CMakeFiles/CMakeTmp

Run Build Command:"/usr/bin/make" "cmTC_feab4/fast"
/usr/bin/make -f CMakeFiles/cmTC_feab4.dir/build.make CMakeFiles/cmTC_feab4.dir/build
make[1]: Entering directory '/home/henrik/Programming/backup_client/libgit2-0.27.0/CMakeFiles/CMakeTmp'
Building C object CMakeFiles/cmTC_feab4.dir/CheckFunctionExists.c.o
/usr/bin/cc   -D_GNU_SOURCE  -Wall -Wextra -fvisibility=hidden -fPIC -Wno-missing-field-initializers -Wstrict-aliasing -Wstrict-prototypes -Wdeclaration-after-statement -Wshift-count-overflow -Wno-unused-const-variable -Wno-unused-function -DCHECK_FUNCTION_EXISTS=libssh2_userauth_publickey_frommemory   -o CMakeFiles/cmTC_feab4.dir/CheckFunctionExists.c.o   -c /usr/share/cmake-3.10/Modules/CheckFunctionExists.c
Linking C executable cmTC_feab4
/usr/bin/cmake -E cmake_link_script CMakeFiles/cmTC_feab4.dir/link.txt --verbose=1
/usr/bin/cc -D_GNU_SOURCE  -Wall -Wextra -fvisibility=hidden -fPIC -Wno-missing-field-initializers -Wstrict-aliasing -Wstrict-prototypes -Wdeclaration-after-statement -Wshift-count-overflow -Wno-unused-const-variable -Wno-unused-function -DCHECK_FUNCTION_EXISTS=libssh2_userauth_publickey_frommemory    -rdynamic CMakeFiles/cmTC_feab4.dir/CheckFunctionExists.c.o  -o cmTC_feab4 -lssh2 
make[1]: Leaving directory '/home/henrik/Programming/backup_client/libgit2-0.27.0/CMakeFiles/CMakeTmp'


Performing C SOURCE FILE Test IS_FVISIBILITY=HIDDEN_SUPPORTED succeeded with the following output:
Change Dir: /home/henrik/Programming/backup_client/libgit2-0.27.0/CMakeFiles/CMakeTmp

Run Build Command:"/usr/bin/make" "cmTC_2fd5d/fast"
/usr/bin/make -f CMakeFiles/cmTC_2fd5d.dir/build.make CMakeFiles/cmTC_2fd5d.dir/build
make[1]: Entering directory '/home/henrik/Programming/backup_client/libgit2-0.27.0/CMakeFiles/CMakeTmp'
Building C object CMakeFiles/cmTC_2fd5d.dir/src.c.o
/usr/bin/cc   -D_GNU_SOURCE  -Wall -Wextra -DIS_FVISIBILITY=HIDDEN_SUPPORTED   -fvisibility=hidden -o CMakeFiles/cmTC_2fd5d.dir/src.c.o   -c /home/henrik/Programming/backup_client/libgit2-0.27.0/CMakeFiles/CMakeTmp/src.c
Linking C executable cmTC_2fd5d
/usr/bin/cmake -E cmake_link_script CMakeFiles/cmTC_2fd5d.dir/link.txt --verbose=1
/usr/bin/cc -D_GNU_SOURCE  -Wall -Wextra -DIS_FVISIBILITY=HIDDEN_SUPPORTED    -rdynamic CMakeFiles/cmTC_2fd5d.dir/src.c.o  -o cmTC_2fd5d 
make[1]: Leaving directory '/home/henrik/Programming/backup_client/libgit2-0.27.0/CMakeFiles/CMakeTmp'

Source file was:
int main(void) { return 0; }
Performing C SOURCE FILE Test IS_FVISIBILITY=HIDDEN_SUPPORTED succeeded with the following output:
Change Dir: /home/henrik/Programming/backup_client/libgit2-0.27.0/CMakeFiles/CMakeTmp

Run Build Command:"/usr/bin/make" "cmTC_2b584/fast"
/usr/bin/make -f CMakeFiles/cmTC_2b584.dir/build.make CMakeFiles/cmTC_2b584.dir/build
make[1]: Entering directory '/home/henrik/Programming/backup_client/libgit2-0.27.0/CMakeFiles/CMakeTmp'
Building C object CMakeFiles/cmTC_2b584.dir/src.c.o
/usr/bin/cc   -D_GNU_SOURCE  -Wall -Wextra -DIS_FVISIBILITY=HIDDEN_SUPPORTED   -fvisibility=hidden -o CMakeFiles/cmTC_2b584.dir/src.c.o   -c /home/henrik/Programming/backup_client/libgit2-0.27.0/CMakeFiles/CMakeTmp/src.c
Linking C executable cmTC_2b584
/usr/bin/cmake -E cmake_link_script CMakeFiles/cmTC_2b584.dir/link.txt --verbose=1
/usr/bin/cc -D_GNU_SOURCE  -Wall -Wextra -DIS_FVISIBILITY=HIDDEN_SUPPORTED    -rdynamic CMakeFiles/cmTC_2b584.dir/src.c.o  -o cmTC_2b584 
make[1]: Leaving directory '/home/henrik/Programming/backup_client/libgit2-0.27.0/CMakeFiles/CMakeTmp'

Source file was:
int main(void) { return 0; }
