Created temporary directory: /tmp/pip-ephem-wheel-cache-_d3xukqr
Created temporary directory: /tmp/pip-req-tracker-dt_kxf6t
Created requirements tracker '/tmp/pip-req-tracker-dt_kxf6t'
Created temporary directory: /tmp/pip-wheel-wev19eyr
Processing ./wxPython-4.0.3.tar.gz
  Created temporary directory: /tmp/pip-req-build-sps2m00i
  Added file:///home/henrik/Programming/backup_client/wxg/wxPython-4.0.3.tar.gz to build tracker '/tmp/pip-req-tracker-dt_kxf6t'
  Running setup.py (path:/tmp/pip-req-build-sps2m00i/setup.py) egg_info for package from file:///home/henrik/Programming/backup_client/wxg/wxPython-4.0.3.tar.gz
    Running command python setup.py egg_info
    running egg_info
    creating pip-egg-info/wxPython.egg-info
    writing pip-egg-info/wxPython.egg-info/PKG-INFO
    writing dependency_links to pip-egg-info/wxPython.egg-info/dependency_links.txt
    writing entry points to pip-egg-info/wxPython.egg-info/entry_points.txt
    writing requirements to pip-egg-info/wxPython.egg-info/requires.txt
    writing top-level names to pip-egg-info/wxPython.egg-info/top_level.txt
    writing manifest file 'pip-egg-info/wxPython.egg-info/SOURCES.txt'
    reading manifest file 'pip-egg-info/wxPython.egg-info/SOURCES.txt'
    reading manifest template 'MANIFEST.in'
    no previously-included directories found matching 'docs/sphinx/build'
    warning: no previously-included files matching '.git' found under directory 'wx'
    warning: no previously-included files matching '*.pyc' found under directory 'wx'
    warning: no previously-included files matching '__pycache__' found under directory 'wx'
    writing manifest file 'pip-egg-info/wxPython.egg-info/SOURCES.txt'
  Source in /tmp/pip-req-build-sps2m00i has version 4.0.3, which satisfies requirement wxPython==4.0.3 from file:///home/henrik/Programming/backup_client/wxg/wxPython-4.0.3.tar.gz
  Removed wxPython==4.0.3 from file:///home/henrik/Programming/backup_client/wxg/wxPython-4.0.3.tar.gz from build tracker '/tmp/pip-req-tracker-dt_kxf6t'
Collecting six (from wxPython==4.0.3)
  1 location(s) to search for versions of six:
  * https://pypi.org/simple/six/
  Getting page https://pypi.org/simple/six/
  Looking up "https://pypi.org/simple/six/" in the cache
  Request header has "max_age" as 0, cache bypassed
  Starting new HTTPS connection (1): pypi.org:443
  https://pypi.org:443 "GET /simple/six/ HTTP/1.1" 304 0
  Analyzing links from page https://pypi.org/simple/six/
    Found link https://files.pythonhosted.org/packages/0e/f9/66471f9b7e9291cca697b2e61a10645a537f389a9d5c0679d50dd86b20f7/six-0.9.0.tar.gz#sha256=14fd1ed3dd0e1a46cc53b8fc890b5a3b11737515aeb7f42c3af9f38e8d8975d7 (from https://pypi.org/simple/six/), version: 0.9.0
    Found link https://files.pythonhosted.org/packages/4e/02/f08545a99829a04e841b6443267f216629c723c23fb9cfd17c99c068e33a/six-0.9.1.tar.gz#sha256=23a656e7db613f75d061570e3b2cf57d2a498501018593e6a01e24ed211a78dc (from https://pypi.org/simple/six/), version: 0.9.1
    Found link https://files.pythonhosted.org/packages/af/33/fa2097ac4bc7a9672517fdcb982bc7454fdd113f49f7ab353025b906a119/six-0.9.2.tar.gz#sha256=2a00a4b85b6a913f688e2dfd8febcef79926524ad10ac25cce25aca25a8a416d (from https://pypi.org/simple/six/), version: 0.9.2
    Found link https://files.pythonhosted.org/packages/8b/08/8f569ab2c81c1443ce43e29df2e7eec1ab7f005455f6c193793728b00f04/six-1.0b1.tar.gz#sha256=3ef868e4818fc3c7f1cf6827a20766d7596fc0d4ab50a74747538262ebf402d4 (from https://pypi.org/simple/six/), version: 1.0b1
    Found link https://files.pythonhosted.org/packages/a6/af/4506a069312018665b8936e5d51b3aa013971ef65eab5231ef151a482dcd/six-1.0.0.tar.gz#sha256=ca79c14c8cb5e58912d185f0e07ca9c687e232b7c68c4b73bf1c83ef5979333e (from https://pypi.org/simple/six/), version: 1.0.0
    Found link https://files.pythonhosted.org/packages/54/d4/8f7d631f1c3defa2ff4bd7c3daddcc5ed6eb9df7631f3cf24cc376aa3231/six-1.1.0.tar.gz#sha256=8c421a58100704148fd9ad2e38b05d5646f6d3139ac209dfda4c980d124c75ba (from https://pypi.org/simple/six/), version: 1.1.0
    Found link https://files.pythonhosted.org/packages/e9/b4/0ccbc17cd49a812ab8363058bb12f0134cf2d3ba752391f309ddf567ae97/six-1.2.0.tar.gz#sha256=4a86d87623f75811524f30832e092914d65af7ff2eb1d403e01ec235b0e19cb3 (from https://pypi.org/simple/six/), version: 1.2.0
    Found link https://files.pythonhosted.org/packages/02/f8/d16f06e49b0d2ef40548bf42826f926c8964ad3b1d00f8098dcc6ef15aea/six-1.3.0.tar.gz#sha256=d59793f9b255bd00de800b97f9a50cce4fc8a44c205f7defa5bb7d691d13b852 (from https://pypi.org/simple/six/), version: 1.3.0
    Found link https://files.pythonhosted.org/packages/99/25/2df8760d6902620cfca85e36f07de491d14f2c325ecc01c1a5590d8af22d/six-1.4.0.tar.gz#sha256=2936d126f28ce59746c1a0a065580cd26d4a39127229124a4b4f9b076ebaaff9 (from https://pypi.org/simple/six/), version: 1.4.0
    Found link https://files.pythonhosted.org/packages/4e/aa/73683ca0c4237891e33562e3f55bcaab972869959b97b397637519d92035/six-1.4.1.tar.gz#sha256=f045afd6dffb755cc0411acb7ce9acc4de0e71261d4b5f91de2e68d9aa5f8367 (from https://pypi.org/simple/six/), version: 1.4.1
    Found link https://files.pythonhosted.org/packages/ca/15/e62a66024dded9640f8d39112330e6b108e7ab21a1b8618c2d1e2eea7e1d/six-1.5.0-py2.py3-none-any.whl#sha256=7ba77770fedd5b84d6c67283912cad39856b5532dc1beb76182ccacee9ec41e0 (from https://pypi.org/simple/six/), version: 1.5.0
    Found link https://files.pythonhosted.org/packages/0f/dd/379fa572b72da0b482545116139529af8da92e686ea136271beecddd4e81/six-1.5.0.tar.gz#sha256=9fa05de9aa4e0042767dd666ce4905a097306b6291148e958162c4ca0b52d16d (from https://pypi.org/simple/six/), version: 1.5.0
    Found link https://files.pythonhosted.org/packages/60/84/72c628d5a4efffb23e2fb46cdbf8ee669046d8208ba5dab08f989b7bfe9c/six-1.5.1-py2.py3-none-any.whl#sha256=a5f2b285f03dd620ea16d22d0986d82d16340ef684445c7ba9ce8a7c1d76046e (from https://pypi.org/simple/six/), version: 1.5.1
    Found link https://files.pythonhosted.org/packages/0b/5e/4b3f417a85d9cd30b172a1512a2d3cdd0ffb05a5deacb8adf2ef30db100d/six-1.5.1.tar.gz#sha256=485e543ba816b631f15b3b217f5cc190da1ea2cb4a8c66dbacdc030aef0ba380 (from https://pypi.org/simple/six/), version: 1.5.1
    Found link https://files.pythonhosted.org/packages/c7/a4/35520d20a8e4b3c28c9db705fffd4c7053e0236928951da32167e5078faa/six-1.5.2-py2.py3-none-any.whl#sha256=01f1bfe26d8b2c2c19b6c6bd1974746667038c7b45601ee510b7b3867fd14b7e (from https://pypi.org/simple/six/), version: 1.5.2
    Found link https://files.pythonhosted.org/packages/1d/8e/220ce5a36dac3aabccee871a34561ceba82ce14b53760143cf5e01bb4d2c/six-1.5.2.tar.gz#sha256=fc6beeffdd8fc76b783287eb77d093425d0710920aae2c70acd693c52d7e8cf8 (from https://pypi.org/simple/six/), version: 1.5.2
    Found link https://files.pythonhosted.org/packages/54/45/8b5eef1ba0b79acbdab01435359f37ae13dc6c4aafaa444b805e3867386d/six-1.6.0-py2.py3-none-any.whl#sha256=511372cb98f84471fcaa0fb2ebdd7e359ebc0c6cfee7b1d8cb38853607f9b25a (from https://pypi.org/simple/six/), version: 1.6.0
    Found link https://files.pythonhosted.org/packages/02/c3/8e2a38edaac777ee2bbe479b3a65b020ade549efd6a224c2f4e95c818799/six-1.6.0.tar.gz#sha256=8741b7f4e25ea45da739d0ffcff086293d3c8b406dc2941342b9368aac56638a (from https://pypi.org/simple/six/), version: 1.6.0
    Found link https://files.pythonhosted.org/packages/ba/19/aa48edcff9d0c396a4d009d362d0a0a1ac3db6f9d7d5736e0175b94d7ef8/six-1.6.1-py2.py3-none-any.whl#sha256=8f34f5b89e17fa8a6e3945310318cbd5c8cbb16fa288f78ea96dbc70344cb1bf (from https://pypi.org/simple/six/), version: 1.6.1
    Found link https://files.pythonhosted.org/packages/e8/70/b9c441d8c02b70eb3bf923c49944b8fc656f78a43c084d2a98534d7404e2/six-1.6.1.tar.gz#sha256=d4392a7c8d91b005c002568a85faf617c67241c8cd8399cc395e8f1005aff80d (from https://pypi.org/simple/six/), version: 1.6.1
    Found link https://files.pythonhosted.org/packages/20/0a/617bf23511160454995bf1cbe6789f22beeb8b49c1f3b1bbf4b5cd6a55ca/six-1.7.0-py2.py3-none-any.whl#sha256=1fb268a43932782f6ca51f1ee922c22b13b47f54f6919e9331db4972b6699490 (from https://pypi.org/simple/six/), version: 1.7.0
    Found link https://files.pythonhosted.org/packages/7e/16/792311d76b8e23da84e1b177fb973679de1c963391d0dcd7e963634bed4b/six-1.7.0.tar.gz#sha256=836335d85210d5dd0f33716b15cc8103bb4f5ec34e2a8809d43bd26d4b6083a1 (from https://pypi.org/simple/six/), version: 1.7.0
    Found link https://files.pythonhosted.org/packages/aa/ec/e6954e19e617c1b9860325f0995d456d8416c84a6cb9bce1c10998280b59/six-1.7.1-py2.py3-none-any.whl#sha256=b01d8b5e340f30c89ec1e129292c90853abb449877698bb09b4aa2ebca2730a3 (from https://pypi.org/simple/six/), version: 1.7.1
    Found link https://files.pythonhosted.org/packages/1b/2a/ad686ae156581a70a7be28e7762f7d956bec30d62dafe9295b78dc019692/six-1.7.1.tar.gz#sha256=c9bf95b1204a9965d94b5c8c486cc92e84b33a339dc1ebc846e2ad8761656986 (from https://pypi.org/simple/six/), version: 1.7.1
    Found link https://files.pythonhosted.org/packages/6b/30/839b8059d1225dbd3a0dd97c3c370bbb978cde505e160b30515fb7be17d8/six-1.7.2-py2.py3-none-any.whl#sha256=d51ab8b2b0402b3c93f5cfff3906e6d4c957a90e9af640a7ce8cf7da85115111 (from https://pypi.org/simple/six/), version: 1.7.2
    Found link https://files.pythonhosted.org/packages/a4/ed/a1410f4a3ae1492d87cbc7acdeea819db3caf6e526ef7032dd6fe50d2083/six-1.7.2.tar.gz#sha256=c7b85e433ecf2f2df37edb017b954c468342991e1883c8a1e8d8616584b69998 (from https://pypi.org/simple/six/), version: 1.7.2
    Found link https://files.pythonhosted.org/packages/2e/a4/6dcb84af409b7bc0c258a0d6bd7e14231724d9a46b750c048f09d74d870c/six-1.7.3-py2.py3-none-any.whl#sha256=3388fc1a2ca7a5d4261b4d1e3d8b7342cbf4bf1cfb3702311c609321432ced78 (from https://pypi.org/simple/six/), version: 1.7.3
    Found link https://files.pythonhosted.org/packages/2b/4a/233721f6c6afeed5a2034f617f120fa646da935039f08e67ab8dc008a3e6/six-1.7.3.tar.gz#sha256=7a842c9f882c0b2ab1064d567bb9fff6a21c9efbc3d9992083ad6193787ed393 (from https://pypi.org/simple/six/), version: 1.7.3
    Found link https://files.pythonhosted.org/packages/a2/4b/2b4532b4eba116a02fc0b5e0b3540a073a61c003b7b6293b7b884afa8ff1/six-1.8.0-py2.py3-none-any.whl#sha256=facfe0c7cceafd49e8f7e472111294566605fdfddc23011da06cc3a4601c9f7d (from https://pypi.org/simple/six/), version: 1.8.0
    Found link https://files.pythonhosted.org/packages/11/3f/2b3c217c5427cdd12619024b1ee1b04d49e27fde5c29df2a0b92c26677c2/six-1.8.0.tar.gz#sha256=047bbbba41bac37c444c75ddfdf0573dd6e2f1fbd824e6247bb26fa7d8fa3830 (from https://pypi.org/simple/six/), version: 1.8.0
    Found link https://files.pythonhosted.org/packages/10/e3/a7f8eea80a9fa8358c1cd89ef489bc03675e69e54ed2982cd6f2a28d8295/six-1.9.0-py2.py3-none-any.whl#sha256=418a93c397a7edab23e5588dbc067ac74a723edb3d541bd4936f79476e7645da (from https://pypi.org/simple/six/), version: 1.9.0
    Found link https://files.pythonhosted.org/packages/16/64/1dc5e5976b17466fd7d712e59cbe9fb1e18bec153109e5ba3ed6c9102f1a/six-1.9.0.tar.gz#sha256=e24052411fc4fbd1f672635537c3fc2330d9481b18c0317695b46259512c91d5 (from https://pypi.org/simple/six/), version: 1.9.0
    Found link https://files.pythonhosted.org/packages/c8/0a/b6723e1bc4c516cb687841499455a8505b44607ab535be01091c0f24f079/six-1.10.0-py2.py3-none-any.whl#sha256=0ff78c403d9bccf5a425a6d31a12aa6b47f1c21ca4dc2573a7e2f32a97335eb1 (from https://pypi.org/simple/six/), version: 1.10.0
    Found link https://files.pythonhosted.org/packages/b3/b2/238e2590826bfdd113244a40d9d3eb26918bd798fc187e2360a8367068db/six-1.10.0.tar.gz#sha256=105f8d68616f8248e24bf0e9372ef04d3cc10104f1980f54d57b2ce73a5ad56a (from https://pypi.org/simple/six/), version: 1.10.0
    Found link https://files.pythonhosted.org/packages/67/4b/141a581104b1f6397bfa78ac9d43d8ad29a7ca43ea90a2d863fe3056e86a/six-1.11.0-py2.py3-none-any.whl#sha256=832dc0e10feb1aa2c68dcc57dbb658f1c7e65b9b61af69048abc87a2db00a0eb (from https://pypi.org/simple/six/), version: 1.11.0
    Found link https://files.pythonhosted.org/packages/16/d8/bc6316cf98419719bd59c91742194c111b6f2e85abac88e496adefaf7afe/six-1.11.0.tar.gz#sha256=70e8a77beed4562e7f14fe23a786b54f6296e34344c23bc42f07b15018ff98e9 (from https://pypi.org/simple/six/), version: 1.11.0
    Found link https://files.pythonhosted.org/packages/73/fb/00a976f728d0d1fecfe898238ce23f502a721c0ac0ecfedb80e0d88c64e9/six-1.12.0-py2.py3-none-any.whl#sha256=3350809f0555b11f552448330d0b52d5f24c91a322ea4a15ef22629740f3761c (from https://pypi.org/simple/six/) (requires-python:>=2.6, !=3.0.*, !=3.1.*), version: 1.12.0
    Found link https://files.pythonhosted.org/packages/dd/bf/4138e7bfb757de47d1f4b6994648ec67a51efe58fa907c1e11e350cddfca/six-1.12.0.tar.gz#sha256=d16a0141ec1a18405cd4ce8b4613101da75da0e9a7aec5bdd4fa804d0e0eba73 (from https://pypi.org/simple/six/) (requires-python:>=2.6, !=3.0.*, !=3.1.*), version: 1.12.0
  Using version 1.12.0 (newest of versions: 0.9.0, 0.9.1, 0.9.2, 1.0.0, 1.1.0, 1.2.0, 1.3.0, 1.4.0, 1.4.1, 1.5.0, 1.5.1, 1.5.2, 1.6.0, 1.6.1, 1.7.0, 1.7.1, 1.7.2, 1.7.3, 1.8.0, 1.9.0, 1.10.0, 1.11.0, 1.12.0)
  Created temporary directory: /tmp/pip-unpack-4mm4zis1
  File was already downloaded /home/henrik/Programming/backup_client/wxg/six-1.12.0-py2.py3-none-any.whl
  Added six from https://files.pythonhosted.org/packages/73/fb/00a976f728d0d1fecfe898238ce23f502a721c0ac0ecfedb80e0d88c64e9/six-1.12.0-py2.py3-none-any.whl#sha256=3350809f0555b11f552448330d0b52d5f24c91a322ea4a15ef22629740f3761c (from wxPython==4.0.3) to build tracker '/tmp/pip-req-tracker-dt_kxf6t'
  Removed six from https://files.pythonhosted.org/packages/73/fb/00a976f728d0d1fecfe898238ce23f502a721c0ac0ecfedb80e0d88c64e9/six-1.12.0-py2.py3-none-any.whl#sha256=3350809f0555b11f552448330d0b52d5f24c91a322ea4a15ef22629740f3761c (from wxPython==4.0.3) from build tracker '/tmp/pip-req-tracker-dt_kxf6t'
Collecting PyPubSub (from wxPython==4.0.3)
  1 location(s) to search for versions of PyPubSub:
  * https://pypi.org/simple/pypubsub/
  Getting page https://pypi.org/simple/pypubsub/
  Looking up "https://pypi.org/simple/pypubsub/" in the cache
  Request header has "max_age" as 0, cache bypassed
  https://pypi.org:443 "GET /simple/pypubsub/ HTTP/1.1" 304 0
  Analyzing links from page https://pypi.org/simple/pypubsub/
    Found link https://files.pythonhosted.org/packages/69/b5/6150f2a1b5f41d6e3c0b06afe78e2e3375837ab3c7ece3edcd4688ec66e7/PyPubSub-4.0.0rc2-py3-none-any.whl#sha256=b98841656e5a867151616b7072d01d2bc65c2f2e7da85d7dedb94b8045176820 (from https://pypi.org/simple/pypubsub/), version: 4.0.0rc2
    Found link https://files.pythonhosted.org/packages/95/5a/1801be1a63af9250e79b8941a37b88e3ca0d660b880b9862fe9016ae6a3a/PyPubSub-3.3.0.zip#sha256=05e301917a8489f4fdf71bf5a717526a44c4f908e93809df366accec2886a84b (from https://pypi.org/simple/pypubsub/), version: 3.3.0
    Found link https://files.pythonhosted.org/packages/c7/b3/771da59cbb10e31a4c7cdee9ce7318bcd13e41aa8d39fec68d907a47b651/Pypubsub-4.0.0rc7-py3-none-any.whl#sha256=0af650391662415d79cdf16d222870740635fdc297447d010d34798f28e8ad59 (from https://pypi.org/simple/pypubsub/), version: 4.0.0rc7
    Found link https://files.pythonhosted.org/packages/aa/97/81243fd6bb401aa5f96c7c76b9fbaf2e8e11cc1eb401c8cdcf4564e8380e/Pypubsub-4.0.0rc7.zip#sha256=fc95b4be4ae5391b24ccfab7a81c26ff37acef31609bf6df1fa52ad013a8c7e9 (from https://pypi.org/simple/pypubsub/), version: 4.0.0rc7
    Found link https://files.pythonhosted.org/packages/80/92/b6a9eb8d720e004fa4031c74b1a3a7a24be8f278fab77a5b07b7f0a5e0e4/Pypubsub-4.0.0rc8-py3-none-any.whl#sha256=e0acc6d8a8905d62b785c2f9ca1969495c22d3ecb4735351de5720d25352e14f (from https://pypi.org/simple/pypubsub/), version: 4.0.0rc8
    Found link https://files.pythonhosted.org/packages/de/70/52ed1f8b649a546e5e2b02964aacccd7db2d159ada96a22857c1a67cb424/Pypubsub-4.0.0rc8.zip#sha256=3deecaa7f3365ab12bc1a7aa4052e4b412711842ccf60631900471e27d869951 (from https://pypi.org/simple/pypubsub/), version: 4.0.0rc8
    Found link https://files.pythonhosted.org/packages/ab/9e/3b50915d3346971aaa49074425788598ee4907e67c097e013f1a862bd45c/Pypubsub-4.0.0-py3-none-any.whl#sha256=430d60d76e56e19eaa1422579941caf9d3b392cfb8d10a17678a5c9f7ee830ba (from https://pypi.org/simple/pypubsub/), version: 4.0.0
    Found link https://files.pythonhosted.org/packages/14/80/8e1d34848fea10826763600ca7eeb7a76d914ccab7cb0d64c9c180c30a73/Pypubsub-4.0.0.zip#sha256=7a15723835d1e55c67ed3329a009c18d2f2ff7b8d73cf0e01f3295781e0b5807 (from https://pypi.org/simple/pypubsub/), version: 4.0.0
  Using version 4.0.0 (newest of versions: 3.3.0, 4.0.0)
  Created temporary directory: /tmp/pip-unpack-h5d0ayb2
  File was already downloaded /home/henrik/Programming/backup_client/wxg/Pypubsub-4.0.0-py3-none-any.whl
  Added PyPubSub from https://files.pythonhosted.org/packages/ab/9e/3b50915d3346971aaa49074425788598ee4907e67c097e013f1a862bd45c/Pypubsub-4.0.0-py3-none-any.whl#sha256=430d60d76e56e19eaa1422579941caf9d3b392cfb8d10a17678a5c9f7ee830ba (from wxPython==4.0.3) to build tracker '/tmp/pip-req-tracker-dt_kxf6t'
  Removed PyPubSub from https://files.pythonhosted.org/packages/ab/9e/3b50915d3346971aaa49074425788598ee4907e67c097e013f1a862bd45c/Pypubsub-4.0.0-py3-none-any.whl#sha256=430d60d76e56e19eaa1422579941caf9d3b392cfb8d10a17678a5c9f7ee830ba (from wxPython==4.0.3) from build tracker '/tmp/pip-req-tracker-dt_kxf6t'
Skipping six, due to already being wheel.
Skipping PyPubSub, due to already being wheel.
Building wheels for collected packages: wxPython
  Created temporary directory: /tmp/pip-wheel-gsbg6sk5
  Running setup.py bdist_wheel for wxPython: started
  Destination directory: /tmp/pip-wheel-gsbg6sk5
  Running command /home/henrik/Programming/backup_client/venv/bin/python3 -u -c "import setuptools, tokenize;__file__='/tmp/pip-req-build-sps2m00i/setup.py';f=getattr(tokenize, 'open', open)(__file__);code=f.read().replace('\r\n', '\n');f.close();exec(compile(code, __file__, 'exec'))" bdist_wheel -d /tmp/pip-wheel-gsbg6sk5
  running bdist_wheel
  running build
  WARNING: Building this way assumes that all generated files have been
  generated already.  If that is not the case then use build.py directly
  to generate the source and perform the build stage.  You can use
  --skip-build with the bdist_* or install commands to avoid this
  message and the wxWidgets and Phoenix build steps in the future.

  "/home/henrik/Programming/backup_client/venv/bin/python3" -u build.py build
  Will build using: "/home/henrik/Programming/backup_client/venv/bin/python3"
  3.6.7 (default, Oct 22 2018, 11:32:17)
  [GCC 8.2.0]
  Python's architecture is 64bit
  cfg.VERSION: 4.0.3

  Running command: build
  Running command: build_wx
  wxWidgets build options: ['--wxpython', '--unicode', '--gtk3']
  Configure options: ['--enable-unicode', '--with-gtk=3', '--with-opengl', '--enable-sound', '--enable-graphics_ctx', '--enable-mediactrl', '--enable-display', '--enable-geometry', '--enable-debug_flag', '--enable-optimise', '--disable-debugreport', '--enable-uiactionsim', '--enable-autoidman', '--with-sdl']
  /tmp/pip-req-build-sps2m00i/ext/wxWidgets/configure --enable-unicode --with-gtk=3 --with-opengl --enable-sound --enable-graphics_ctx --enable-mediactrl --enable-display --enable-geometry --enable-debug_flag --enable-optimise --disable-debugreport --enable-uiactionsim --enable-autoidman --with-sdl
  checking build system type... x86_64-pc-linux-gnu
  checking host system type... x86_64-pc-linux-gnu
  checking for --disable-gui... no
  checking for --enable-monolithic... no
  checking for --enable-plugins... no
  checking for --without-subdirs... no
  checking for --enable-official_build... no
  checking for --disable-all-features... no
  checking for --enable-universal... no
  checking for --enable-nanox... no
  checking for --enable-gpe... no
  checking for toolkit... gtk
  checking for --with-libpng... yes
  checking for --with-libjpeg... yes
  checking for --with-libtiff... yes
  checking for --without-libjbig... no
  checking for --without-liblzma... no
  checking for --with-libxpm... yes
  checking for --with-libiconv... yes
  checking for --with-libmspack... no
  checking for --without-gtkprint... no
  checking for --with-gnomevfs... no
  checking for --with-libnotify... yes
  checking for --with-hildon... no
  checking for --with-opengl... yes
  checking for --with-dmalloc... no
  checking for --with-sdl... yes
  checking for --with-regex... yes
  checking for --with-zlib... yes
  checking for --with-expat... yes
  checking for --with-macosx-sdk...
  checking for --with-macosx-version-min...
  checking for --enable-debug... default
  checking for --disable-debug_flag... no
  checking for --enable-debug_info... no
  checking for --enable-debug_gdb... no
  checking for --enable-debug_cntxt... no
  checking for --enable-mem_tracing... no
  checking for --disable-shared... no
  checking for --enable-stl... no
  checking for --enable-std_containers... no
  checking for --enable-std_iostreams... yes
  checking for --enable-std_string... yes
  checking for --enable-std_string_conv_in_wxstring... no
  checking for --disable-unicode... no
  checking for --enable-mslu... no
  checking for --enable-utf8... no
  checking for --enable-utf8only... no
  checking for --enable-extended_rtti... no
  checking for --disable-optimise... no
  checking for --enable-profile... no
  checking for --enable-no_rtti... no
  checking for --enable-no_exceptions... no
  checking for --enable-permissive... no
  checking for --enable-no_deps... no
  checking for --disable-vararg_macros... no
  checking for --enable-universal_binary... no
  checking for --enable-macosx_arch... no
  checking for --enable-compat26... no
  checking for --disable-compat28... no
  checking for --disable-rpath... no
  checking for --enable-objc_uniquifying... no
  checking for --disable-visibility... no
  checking for --disable-tls... no
  checking for --enable-intl... yes
  checking for --enable-xlocale... yes
  checking for --enable-config... yes
  checking for --enable-protocols... yes
  checking for --enable-ftp... yes
  checking for --enable-http... yes
  checking for --enable-fileproto... yes
  checking for --enable-sockets... yes
  checking for --enable-ipv6... no
  checking for --enable-ole... yes
  checking for --enable-dataobj... yes
  checking for --enable-ipc... yes
  checking for --enable-baseevtloop... yes
  checking for --enable-epollloop... yes
  checking for --enable-selectloop... yes
  checking for --enable-any... yes
  checking for --enable-apple_ieee... yes
  checking for --enable-arcstream... yes
  checking for --enable-base64... yes
  checking for --enable-backtrace... yes
  checking for --enable-catch_segvs... yes
  checking for --enable-cmdline... yes
  checking for --enable-datetime... yes
  checking for --enable-debugreport... no
  checking for --enable-dialupman... yes
  checking for --enable-dynlib... yes
  checking for --enable-dynamicloader... yes
  checking for --enable-exceptions... yes
  checking for --enable-ffile... yes
  checking for --enable-file... yes
  checking for --enable-filehistory... yes
  checking for --enable-filesystem... yes
  checking for --enable-fontenum... yes
  checking for --enable-fontmap... yes
  checking for --enable-fs_archive... yes
  checking for --enable-fs_inet... yes
  checking for --enable-fs_zip... yes
  checking for --enable-fsvolume... yes
  checking for --enable-fswatcher... yes
  checking for --enable-geometry... yes
  checking for --enable-log... yes
  checking for --enable-longlong... yes
  checking for --enable-mimetype... yes
  checking for --enable-printfposparam... yes
  checking for --enable-snglinst... yes
  checking for --enable-sound... yes
  checking for --enable-stdpaths... yes
  checking for --enable-stopwatch... yes
  checking for --enable-streams... yes
  checking for --enable-sysoptions... yes
  checking for --enable-tarstream... yes
  checking for --enable-textbuf... yes
  checking for --enable-textfile... yes
  checking for --enable-timer... yes
  checking for --enable-variant... yes
  checking for --enable-zipstream... yes
  checking for --enable-url... yes
  checking for --enable-protocol... yes
  checking for --enable-protocol_http... yes
  checking for --enable-protocol_ftp... yes
  checking for --enable-protocol_file... yes
  checking for --enable-threads... yes
  checking for --enable-iniconf... no
  checking for --enable-regkey... yes
  checking for --enable-docview... yes
  checking for --enable-help... yes
  checking for --enable-mshtmlhelp... yes
  checking for --enable-html... yes
  checking for --enable-htmlhelp... yes
  checking for --enable-xrc... yes
  checking for --enable-aui... yes
  checking for --enable-propgrid... yes
  checking for --enable-ribbon... yes
  checking for --enable-stc... yes
  checking for --enable-constraints... yes
  checking for --enable-loggui... yes
  checking for --enable-logwin... yes
  checking for --enable-logdialog... yes
  checking for --enable-mdi... yes
  checking for --enable-mdidoc... yes
  checking for --enable-mediactrl... yes
  checking for --enable-gstreamer8... no
  checking for --enable-richtext... yes
  checking for --enable-postscript... yes
  checking for --enable-printarch... yes
  checking for --enable-svg... yes
  checking for --enable-webkit... yes
  checking for --enable-webview... yes
  checking for --enable-graphics_ctx... yes
  checking for --enable-clipboard... yes
  checking for --enable-dnd... yes
  checking for --disable-controls... no
  checking for --enable-markup... yes
  checking for --enable-accel... yes
  checking for --enable-animatectrl... yes
  checking for --enable-bannerwindow... yes
  checking for --enable-artstd... yes
  checking for --enable-arttango... auto
  checking for --enable-bmpbutton... yes
  checking for --enable-bmpcombobox... yes
  checking for --enable-button... yes
  checking for --enable-calendar... yes
  checking for --enable-caret... yes
  checking for --enable-checkbox... yes
  checking for --enable-checklst... yes
  checking for --enable-choice... yes
  checking for --enable-choicebook... yes
  checking for --enable-collpane... yes
  checking for --enable-colourpicker... yes
  checking for --enable-combobox... yes
  checking for --enable-comboctrl... yes
  checking for --enable-commandlinkbutton... yes
  checking for --enable-dataviewctrl... yes
  checking for --enable-datepick... yes
  checking for --enable-detect_sm... yes
  checking for --enable-dirpicker... yes
  checking for --enable-display... yes
  checking for --enable-editablebox... yes
  checking for --enable-filectrl... yes
  checking for --enable-filepicker... yes
  checking for --enable-fontpicker... yes
  checking for --enable-gauge... yes
  checking for --enable-grid... yes
  checking for --enable-headerctrl... yes
  checking for --enable-hyperlink... yes
  checking for --enable-imaglist... yes
  checking for --enable-infobar... yes
  checking for --enable-listbook... yes
  checking for --enable-listbox... yes
  checking for --enable-listctrl... yes
  checking for --enable-notebook... yes
  checking for --enable-notifmsg... yes
  checking for --enable-odcombobox... yes
  checking for --enable-popupwin... yes
  checking for --enable-prefseditor... yes
  checking for --enable-radiobox... yes
  checking for --enable-radiobtn... yes
  checking for --enable-richmsgdlg... yes
  checking for --enable-richtooltip... yes
  checking for --enable-rearrangectrl... yes
  checking for --enable-sash... yes
  checking for --enable-scrollbar... yes
  checking for --enable-searchctrl... yes
  checking for --enable-slider... yes
  checking for --enable-spinbtn... yes
  checking for --enable-spinctrl... yes
  checking for --enable-splitter... yes
  checking for --enable-statbmp... yes
  checking for --enable-statbox... yes
  checking for --enable-statline... yes
  checking for --enable-stattext... yes
  checking for --enable-statusbar... yes
  checking for --enable-taskbaricon... yes
  checking for --enable-tbarnative... yes
  checking for --enable-textctrl... yes
  checking for --enable-datepick... yes
  checking for --enable-tipwindow... yes
  checking for --enable-togglebtn... yes
  checking for --enable-toolbar... yes
  checking for --enable-toolbook... yes
  checking for --enable-treebook... yes
  checking for --enable-treectrl... yes
  checking for --enable-treelist... yes
  checking for --enable-commondlg... yes
  checking for --enable-aboutdlg... yes
  checking for --enable-choicedlg... yes
  checking for --enable-coldlg... yes
  checking for --enable-filedlg... yes
  checking for --enable-finddlg... yes
  checking for --enable-fontdlg... yes
  checking for --enable-dirdlg... yes
  checking for --enable-msgdlg... yes
  checking for --enable-numberdlg... yes
  checking for --enable-splash... yes
  checking for --enable-textdlg... yes
  checking for --enable-tipdlg... yes
  checking for --enable-progressdlg... yes
  checking for --enable-wizarddlg... yes
  checking for --enable-menus... yes
  checking for --enable-miniframe... yes
  checking for --enable-tooltips... yes
  checking for --enable-splines... yes
  checking for --enable-mousewheel... yes
  checking for --enable-validators... yes
  checking for --enable-busyinfo... yes
  checking for --enable-hotkey... auto
  checking for --enable-joystick... yes
  checking for --enable-metafile... auto
  checking for --enable-dragimage... yes
  checking for --enable-accessibility... no
  checking for --enable-uiactionsim... yes
  checking for --enable-dctransform... yes
  checking for --enable-webviewwebkit... yes
  checking for --enable-palette... yes
  checking for --enable-image... yes
  checking for --enable-gif... yes
  checking for --enable-pcx... yes
  checking for --enable-tga... yes
  checking for --enable-iff... yes
  checking for --enable-pnm... yes
  checking for --enable-xpm... yes
  checking for --enable-ico_cur... yes
  checking for --enable-dccache... yes
  checking for --enable-ps-in-msw... yes
  checking for --enable-ownerdrawn... yes
  checking for --enable-uxtheme... yes
  checking for --enable-wxdib... yes
  checking for --enable-webviewie... yes
  checking for --enable-autoidman... yes
  checking for gcc... gcc
  checking whether the C compiler works... yes
  checking for C compiler default output file name... a.out
  checking for suffix of executables...
  checking whether we are cross compiling... no
  checking for suffix of object files... o
  checking whether we are using the GNU C compiler... yes
  checking whether gcc accepts -g... yes
  checking for gcc option to accept ISO C89... none needed
  checking whether we are using the Intel C compiler... no
  checking how to run the C preprocessor... gcc -E
  checking for grep that handles long lines and -e... /bin/grep
  checking for egrep... /bin/grep -E
  checking whether gcc needs -traditional... no
  checking for g++... g++
  checking whether we are using the GNU C++ compiler... yes
  checking whether g++ accepts -g... yes
  checking whether we are using the Intel C++ compiler... no
  checking whether we are using the Sun C++ compiler... no
  checking for ar... ar
  checking for ANSI C header files... yes
  checking for sys/types.h... yes
  checking for sys/stat.h... yes
  checking for stdlib.h... yes
  checking for string.h... yes
  checking for memory.h... yes
  checking for strings.h... yes
  checking for inttypes.h... yes
  checking for stdint.h... yes
  checking for unistd.h... yes
  checking for langinfo.h... yes
  checking for wchar.h... yes
  checking for sys/select.h... yes
  checking for cxxabi.h... yes
  checking for an ANSI C-conforming const... yes
  checking for inline... inline
  checking size of short... 2
  checking size of void *... 8
  checking size of int... 4
  checking size of long... 8
  checking size of size_t... 8
  checking size of long long... 8
  checking size of wchar_t... 4
  checking for va_copy... yes
  checking whether the compiler supports variadic macros... yes
  checking for _FILE_OFFSET_BITS value needed for large files... 64
  checking if large file support is available... yes
  checking for _LARGEFILE_SOURCE value needed for large files... no
  checking whether byte ordering is bigendian... no
  checking for iostream... yes
  checking if C++ compiler supports the explicit keyword... yes
  checking for std::wstring in <string>... yes
  checking for std::istream... yes
  checking for std::ostream... yes
  checking how to run the C++ preprocessor... g++ -E
  checking type_traits usability... yes
  checking type_traits presence... yes
  checking for type_traits... yes
  checking for __sync_fetch_and_add and __sync_sub_and_fetch builtins... yes
  checking for libraries directories... /usr/lib/x86_64-linux-gnu /usr/lib
  checking for cos... no
  checking for floor... no
  checking if floating point functions link without -lm... no
  checking for sin... yes
  checking for ceil... yes
  checking if floating point functions link with -lm... yes
  checking for strtoull... yes
  checking for pkg-config... /usr/bin/pkg-config
  checking pkg-config is at least version 0.9.0... yes
  configure: WARNING: Defaulting to the builtin regex library for Unicode build.
  checking for zlib.h >= 1.1.4... yes
  checking for zlib.h... (cached) yes
  checking for deflate in -lz... yes
  checking for png.h > 0.90... yes
  checking for png.h... (cached) yes
  checking for png_sig_cmp in -lpng... yes
  checking for jpeglib.h... no
  configure: WARNING: system jpeg library not found, will use built-in instead
  checking for tiffio.h... no
  configure: WARNING: system tiff library not found, will use built-in instead
  checking for lzma_code in -llzma... no
  checking for jbg_dec_init in -ljbig... no
  checking for expat.h... yes
  checking if expat.h is valid C++ header... yes
  checking for XML_ParserCreate in -lexpat... yes
  checking for GTK+ version...
  checking for pkg-config... /usr/bin/pkg-config
  checking for GTK+ - version >= 3.0.0... yes (version 3.22.30)
  checking for X11/Xlib.h... yes
  checking for X11/XKBlib.h... yes
  checking for Xxf86vm... yes
  checking for X11/extensions/xf86vmode.h... yes
  checking for SM... yes
  checking for OpenGL headers... found in /usr/include
  checking for GL/gl.h... yes
  checking for GL/glu.h... no
  configure: error: OpenGL libraries not available
  Error running configure
  ERROR: failed building wxWidgets
  Traceback (most recent call last):
    File "build.py", line 1321, in cmd_build_wx
      wxbuild.main(wxDir(), build_options)
    File "/tmp/pip-req-build-sps2m00i/buildtools/build_wxwidgets.py", line 375, in main
      "Error running configure")
    File "/tmp/pip-req-build-sps2m00i/buildtools/build_wxwidgets.py", line 85, in exitIfError
      raise builder.BuildError(msg)
  buildtools.builder.BuildError: Error running configure
  Finished command: build_wx (0m5.146s)
  Finished command: build (0m5.146s)
  Command '"/home/henrik/Programming/backup_client/venv/bin/python3" -u build.py build' failed with exit code 1.
  Running setup.py bdist_wheel for wxPython: finished with status 'error'
  Failed building wheel for wxPython
  Running setup.py clean for wxPython
  Running command /home/henrik/Programming/backup_client/venv/bin/python3 -u -c "import setuptools, tokenize;__file__='/tmp/pip-req-build-sps2m00i/setup.py';f=getattr(tokenize, 'open', open)(__file__);code=f.read().replace('\r\n', '\n');f.close();exec(compile(code, __file__, 'exec'))" clean --all
  running clean
  'build/lib.linux-x86_64-3.6' does not exist -- can't clean it
  'build/bdist.linux-x86_64' does not exist -- can't clean it
  'build/scripts-3.6' does not exist -- can't clean it
Failed to build wxPython
Cleaning up...
  Removing source in /tmp/pip-req-build-sps2m00i
  Removing source in /tmp/pip-wheel-wev19eyr/six
  Removing source in /tmp/pip-wheel-wev19eyr/PyPubSub
Removed build tracker '/tmp/pip-req-tracker-dt_kxf6t'
ERROR: Failed to build one or more wheels
Exception information:
Traceback (most recent call last):
  File "/home/henrik/Programming/backup_client/venv/lib/python3.6/site-packages/pip/_internal/cli/base_command.py", line 143, in main
    status = self.run(options, args)
  File "/home/henrik/Programming/backup_client/venv/lib/python3.6/site-packages/pip/_internal/commands/wheel.py", line 175, in run
    "Failed to build one or more wheels"
pip._internal.exceptions.CommandError: Failed to build one or more wheels
